<?xml version="1.0" encoding="UTF-8"?>
<!-- Generated by org.testng.reporters.JUnitXMLReporter -->
<testsuite ignored="2" hostname="DESKTOP-E3SISK3" failures="0" tests="2" name="Test" time="23.304" errors="0" timestamp="2025-06-18T11:15:08 WAT">
  <testcase classname="com.tests.LoginTestValide" name="testValidLogin" time="1.021"/>
  <testcase classname="com.tests.LoginTest" name="failedLoginTest" time="0.669"/>
  <testcase classname="com.base.de.test.BaseDeTestOptimised" name="@AfterSuite tearDownSuite" time="0.0">
    <ignored/>
  </testcase> <!-- @AfterSuite tearDownSuite -->
  <testcase classname="com.base.de.test.BaseDeTestOptimised" name="@BeforeSuite setupBeforeSuite" time="0.0">
    <ignored/>
  </testcase> <!-- @BeforeSuite setupBeforeSuite -->
</testsuite> <!-- Test -->
