<?xml version="1.0" encoding="UTF-8"?>
<!-- Generated by org.testng.reporters.JUnitXMLReporter -->
<testsuite ignored="2" hostname="DESKTOP-E3SISK3" failures="0" tests="2" name="LoginScenarios" time="48.991" errors="0" timestamp="2025-06-18T14:54:48 WAT">
  <testcase classname="com.tests.LoginTestSuccess" name="successfulLoginTest" time="12.879"/>
  <testcase classname="com.tests.LoginTestFailure" name="failedLoginTest" time="0.544"/>
  <testcase classname="com.base.de.test.BaseDeTestOptimised" name="@AfterSuite tearDownSuite" time="0.0">
    <ignored/>
  </testcase> <!-- @AfterSuite tearDownSuite -->
  <testcase classname="com.base.de.test.BaseDeTestOptimised" name="@BeforeSuite setupBeforeSuite" time="0.0">
    <ignored/>
  </testcase> <!-- @BeforeSuite setupBeforeSuite -->
</testsuite> <!-- LoginScenarios -->
