<?xml version="1.0" encoding="UTF-8"?>
<testng-results ignored="0" total="2" passed="2" failed="0" skipped="0">
  <reporter-output>
  </reporter-output>
  <suite started-at="2025-07-26T11:13:38 WAT" name="Default suite" finished-at="2025-07-26T11:13:53 WAT" duration-ms="15100">
    <groups>
    </groups>
    <test started-at="2025-07-26T11:13:38 WAT" name="Default test" finished-at="2025-07-26T11:13:53 WAT" duration-ms="15100">
      <class name="com.tests.LoginTest">
        <test-method is-config="true" signature="setupBeforeSuite()[pri:0, instance:com.tests.LoginTest@41a2befb]" started-at="2025-07-26T11:13:38 WAT" name="setupBeforeSuite" finished-at="2025-07-26T11:13:38 WAT" duration-ms="19" status="PASS">
          <reporter-output>
          </reporter-output>
        </test-method> <!-- setupBeforeSuite -->
        <test-method is-config="true" signature="setupBeforeClass()[pri:0, instance:com.tests.LoginTest@41a2befb]" started-at="2025-07-26T11:13:38 WAT" name="setupBeforeClass" finished-at="2025-07-26T11:13:46 WAT" duration-ms="7660" status="PASS">
          <reporter-output>
          </reporter-output>
        </test-method> <!-- setupBeforeClass -->
        <test-method is-config="true" signature="setUpTest(org.testng.ITestResult)[pri:0, instance:com.tests.LoginTest@41a2befb]" started-at="2025-07-26T11:13:46 WAT" name="setUpTest" finished-at="2025-07-26T11:13:46 WAT" duration-ms="155" status="PASS">
          <params>
            <param index="0">
              <value>
                <![CDATA[[TestResult name={null} status=CREATED method=LoginTest.failedLoginTest()[pri:1, instance:com.tests.LoginTest@41a2befb] output={null}]]]>
              </value>
            </param>
          </params>
          <reporter-output>
          </reporter-output>
        </test-method> <!-- setUpTest -->
        <test-method signature="failedLoginTest()[pri:1, instance:com.tests.LoginTest@41a2befb]" started-at="2025-07-26T11:13:46 WAT" name="failedLoginTest" finished-at="2025-07-26T11:13:48 WAT" duration-ms="1616" status="PASS">
          <reporter-output>
          </reporter-output>
        </test-method> <!-- failedLoginTest -->
        <test-method is-config="true" signature="tearDownMethod(org.testng.ITestResult)[pri:0, instance:com.tests.LoginTest@41a2befb]" started-at="2025-07-26T11:13:48 WAT" name="tearDownMethod" finished-at="2025-07-26T11:13:50 WAT" duration-ms="2202" status="PASS">
          <params>
            <param index="0">
              <value>
                <![CDATA[[TestResult name=failedLoginTest status=SUCCESS method=LoginTest.failedLoginTest()[pri:1, instance:com.tests.LoginTest@41a2befb] output={null}]]]>
              </value>
            </param>
          </params>
          <reporter-output>
          </reporter-output>
        </test-method> <!-- tearDownMethod -->
        <test-method is-config="true" signature="setUpTest(org.testng.ITestResult)[pri:0, instance:com.tests.LoginTest@41a2befb]" started-at="2025-07-26T11:13:50 WAT" name="setUpTest" finished-at="2025-07-26T11:13:50 WAT" duration-ms="12" status="PASS">
          <params>
            <param index="0">
              <value>
                <![CDATA[[TestResult name={null} status=CREATED method=LoginTest.successfulLoginTest()[pri:2, instance:com.tests.LoginTest@41a2befb] output={null}]]]>
              </value>
            </param>
          </params>
          <reporter-output>
          </reporter-output>
        </test-method> <!-- setUpTest -->
        <test-method signature="successfulLoginTest()[pri:2, instance:com.tests.LoginTest@41a2befb]" started-at="2025-07-26T11:13:50 WAT" name="successfulLoginTest" finished-at="2025-07-26T11:13:51 WAT" duration-ms="695" status="PASS">
          <reporter-output>
          </reporter-output>
        </test-method> <!-- successfulLoginTest -->
        <test-method is-config="true" signature="tearDownMethod(org.testng.ITestResult)[pri:0, instance:com.tests.LoginTest@41a2befb]" started-at="2025-07-26T11:13:51 WAT" name="tearDownMethod" finished-at="2025-07-26T11:13:53 WAT" duration-ms="2308" status="PASS">
          <params>
            <param index="0">
              <value>
                <![CDATA[[TestResult name=successfulLoginTest status=SUCCESS method=LoginTest.successfulLoginTest()[pri:2, instance:com.tests.LoginTest@41a2befb] output={null}]]]>
              </value>
            </param>
          </params>
          <reporter-output>
          </reporter-output>
        </test-method> <!-- tearDownMethod -->
        <test-method is-config="true" signature="tearDownClass()[pri:0, instance:com.tests.LoginTest@41a2befb]" started-at="2025-07-26T11:13:53 WAT" name="tearDownClass" finished-at="2025-07-26T11:13:53 WAT" duration-ms="364" status="PASS">
          <reporter-output>
          </reporter-output>
        </test-method> <!-- tearDownClass -->
        <test-method is-config="true" signature="tearDownSuite()[pri:0, instance:com.tests.LoginTest@41a2befb]" started-at="2025-07-26T11:13:53 WAT" name="tearDownSuite" finished-at="2025-07-26T11:13:54 WAT" duration-ms="474" status="PASS">
          <reporter-output>
          </reporter-output>
        </test-method> <!-- tearDownSuite -->
      </class> <!-- com.tests.LoginTest -->
    </test> <!-- Default test -->
  </suite> <!-- Default suite -->
</testng-results>
